<?xml version="1.0" encoding="UTF-8"?>
<!-- Generated by org.testng.reporters.JUnitXMLReporter -->
<testsuite ignored="0" hostname="ATMECSINLT-1311" failures="0" tests="2" name="Default test" time="14.997" errors="0" timestamp="2023-04-25T12:24:57 IST">
  <testcase classname="com.web.application.automation.testscripts.ReptilesTest" name="reptilesSearchText" time="7.0"/>
  <testcase classname="com.web.application.automation.testscripts.ReptilesTest" name="reptilesSearchText" time="6.696"/>
</testsuite> <!-- Default test -->
