<?xml version="1.0" encoding="UTF-8"?>
<!-- Generated by org.testng.reporters.JUnitXMLReporter -->
<testsuite ignored="0" hostname="ATMECSINLT-1311" failures="0" tests="2" name="Default test" time="13.79" errors="0" timestamp="2023-04-25T15:10:16 IST">
  <testcase classname="com.web.application.automation.testscripts.BirdsTest" name="birdsSearchText" time="6.587"/>
  <testcase classname="com.web.application.automation.testscripts.BirdsTest" name="birdsSearchText" time="6.341"/>
</testsuite> <!-- Default test -->
