<?xml version="1.0" encoding="UTF-8"?>
<!-- Generated by org.testng.reporters.JUnitXMLReporter -->
<testsuite ignored="4" hostname="ATMECSINLT-1311" failures="0" tests="16" name="Smoke_Test" time="110.272" errors="0" timestamp="2023-04-25T12:27:15 IST">
  <testcase classname="com.web.application.automation.testscripts.FishTest" name="fishSearchText" time="7.026"/>
  <testcase classname="com.web.application.automation.testscripts.FishTest" name="fishSearchText" time="6.642"/>
  <testcase classname="com.web.application.automation.testscripts.BirdsTest" name="birdsSearchText" time="6.894"/>
  <testcase classname="com.web.application.automation.testscripts.BirdsTest" name="birdsSearchText" time="7.168"/>
  <testcase classname="com.web.application.automation.testscripts.BirdsTest" name="birdsSearchText" time="6.847"/>
  <testcase classname="com.web.application.automation.testscripts.BirdsTest" name="birdsSearchText" time="6.76"/>
  <testcase classname="com.web.application.automation.testscripts.DogTest" name="dogSearchText" time="6.562"/>
  <testcase classname="com.web.application.automation.testscripts.DogTest" name="dogSearchText" time="6.869"/>
  <testcase classname="com.web.application.automation.testscripts.CatTest" name="catSearchText" time="6.691"/>
  <testcase classname="com.web.application.automation.testscripts.CatTest" name="catSearchText" time="6.886"/>
  <testcase classname="com.web.application.automation.testscripts.CatTest" name="catSearchText" time="6.834"/>
  <testcase classname="com.web.application.automation.testscripts.CatTest" name="catSearchText" time="6.879"/>
  <testcase classname="com.web.application.automation.testscripts.CatTest" name="catSearchText" time="6.493"/>
  <testcase classname="com.web.application.automation.testscripts.CatTest" name="catSearchText" time="6.734"/>
  <testcase classname="com.web.application.automation.testscripts.ReptilesTest" name="reptilesSearchText" time="6.717"/>
  <testcase classname="com.web.application.automation.testscripts.ReptilesTest" name="reptilesSearchText" time="6.728"/>
  <testcase classname="com.web.automation.automation.testbase.BaseClass" name="@BeforeSuite setUp" time="0.0">
    <ignored/>
  </testcase> <!-- @BeforeSuite setUp -->
  <testcase classname="com.web.automation.automation.testbase.BaseClass" name="@BeforeSuite setUp" time="0.0">
    <ignored/>
  </testcase> <!-- @BeforeSuite setUp -->
  <testcase classname="com.web.automation.automation.testbase.BaseClass" name="@BeforeSuite setUp" time="0.0">
    <ignored/>
  </testcase> <!-- @BeforeSuite setUp -->
  <testcase classname="com.web.automation.automation.testbase.BaseClass" name="@BeforeSuite setUp" time="0.0">
    <ignored/>
  </testcase> <!-- @BeforeSuite setUp -->
</testsuite> <!-- Smoke_Test -->
