<?xml version="1.0" encoding="UTF-8"?>
<testng-results ignored="0" total="2" passed="2" failed="0" skipped="0">
  <reporter-output>
  </reporter-output>
  <suite started-at="2023-04-25T15:10:02 IST" name="Default suite" finished-at="2023-04-25T15:10:16 IST" duration-ms="13790">
    <groups>
    </groups>
    <test started-at="2023-04-25T15:10:02 IST" name="Default test" finished-at="2023-04-25T15:10:16 IST" duration-ms="13790">
      <class name="com.web.application.automation.testscripts.BirdsTest">
        <test-method is-config="true" signature="setUp()[pri:0, instance:com.web.application.automation.testscripts.BirdsTest@27406a17]" started-at="2023-04-25T15:09:51 IST" name="setUp" finished-at="2023-04-25T15:10:02 IST" duration-ms="10795" status="PASS">
          <reporter-output>
          </reporter-output>
        </test-method> <!-- setUp -->
        <test-method signature="birdsSearchText(java.lang.String)[pri:0, instance:com.web.application.automation.testscripts.BirdsTest@27406a17]" started-at="2023-04-25T15:10:03 IST" name="birdsSearchText" data-provider="data" finished-at="2023-04-25T15:10:10 IST" duration-ms="6587" status="PASS">
          <params>
            <param index="0">
              <value>
                <![CDATA[Rattlesnake]]>
              </value>
            </param>
          </params>
          <reporter-output>
          </reporter-output>
        </test-method> <!-- birdsSearchText -->
        <test-method signature="birdsSearchText(java.lang.String)[pri:0, instance:com.web.application.automation.testscripts.BirdsTest@27406a17]" started-at="2023-04-25T15:10:10 IST" name="birdsSearchText" data-provider="data" finished-at="2023-04-25T15:10:16 IST" duration-ms="6341" status="PASS">
          <params>
            <param index="0">
              <value>
                <![CDATA[Iguana]]>
              </value>
            </param>
          </params>
          <reporter-output>
          </reporter-output>
        </test-method> <!-- birdsSearchText -->
      </class> <!-- com.web.application.automation.testscripts.BirdsTest -->
    </test> <!-- Default test -->
  </suite> <!-- Default suite -->
</testng-results>
