<?xml version="1.0" encoding="UTF-8"?>
<testng-results ignored="0" total="2" passed="2" failed="0" skipped="0">
  <reporter-output>
  </reporter-output>
  <suite started-at="2023-04-25T12:24:42 IST" name="Default suite" finished-at="2023-04-25T12:24:57 IST" duration-ms="14997">
    <groups>
    </groups>
    <test started-at="2023-04-25T12:24:42 IST" name="Default test" finished-at="2023-04-25T12:24:57 IST" duration-ms="14997">
      <class name="com.web.application.automation.testscripts.ReptilesTest">
        <test-method is-config="true" signature="setUp()[pri:0, instance:com.web.application.automation.testscripts.ReptilesTest@27406a17]" started-at="2023-04-25T12:24:37 IST" name="setUp" finished-at="2023-04-25T12:24:42 IST" duration-ms="5538" status="PASS">
          <reporter-output>
          </reporter-output>
        </test-method> <!-- setUp -->
        <test-method signature="reptilesSearchText(java.lang.String)[pri:0, instance:com.web.application.automation.testscripts.ReptilesTest@27406a17]" started-at="2023-04-25T12:24:44 IST" name="reptilesSearchText" data-provider="data" finished-at="2023-04-25T12:24:51 IST" duration-ms="7000" status="PASS">
          <params>
            <param index="0">
              <value>
                <![CDATA[Manx]]>
              </value>
            </param>
          </params>
          <reporter-output>
          </reporter-output>
        </test-method> <!-- reptilesSearchText -->
        <test-method signature="reptilesSearchText(java.lang.String)[pri:0, instance:com.web.application.automation.testscripts.ReptilesTest@27406a17]" started-at="2023-04-25T12:24:51 IST" name="reptilesSearchText" data-provider="data" finished-at="2023-04-25T12:24:57 IST" duration-ms="6696" status="PASS">
          <params>
            <param index="0">
              <value>
                <![CDATA[Persian]]>
              </value>
            </param>
          </params>
          <reporter-output>
          </reporter-output>
        </test-method> <!-- reptilesSearchText -->
      </class> <!-- com.web.application.automation.testscripts.ReptilesTest -->
    </test> <!-- Default test -->
  </suite> <!-- Default suite -->
</testng-results>
